<?xml version="1.0" encoding="UTF-8"?>
<testsuite xmlns:xsi="http://www.w3.org/2001/XMLSchema-instance" xsi:noNamespaceSchemaLocation="https://maven.apache.org/surefire/maven-surefire-plugin/xsd/surefire-test-report-3.0.xsd" version="3.0" name="org.example.cucumber.runner.TestRunner" time="25.98" tests="3" errors="0" skipped="0" failures="0">
  <properties>
[...]
</properties>
  <testcase name="runScenario[&quot;UI Testing - Click Maps Page&quot;, &quot;OpenWeather Testing&quot;](1)" classname="org.example.cucumber.runner.TestRunner" time="14.281">
    <system-out><![CDATA[
Scenario: UI Testing - Click Maps Page   # src/test/resources/features/weather.feature:3
  Given user opens weather website       # org.example.cucumber.stepdefinitions.LoginSteps.openWebsite()
SUCCESS : Maps page opened successfully
  When user clicks "Maps" link           # org.example.cucumber.stepdefinitions.LoginSteps.clickLink(java.lang.String)
  Then user should navigate successfully # org.example.cucumber.stepdefinitions.LoginSteps.validateNavigation()
]]></system-out>
    <system-err><![CDATA[SLF4J: Failed to load class "org.slf4j.impl.StaticLoggerBinder".
SLF4J: Defaulting to no-operation (NOP) logger implementation
SLF4J: See http://www.slf4j.org/codes.html#StaticLoggerBinder for further details.
Apr 27, 2026 11:01:33 AM org.openqa.selenium.remote.tracing.opentelemetry.OpenTelemetryTracer createTracer
INFO: Using OpenTelemetry for tracing
]]></system-err>
  </testcase>
  <testcase name="runScenario[&quot;UI Testing - Click Support Page&quot;, &quot;OpenWeather Testing&quot;](2)" classname="org.example.cucumber.runner.TestRunner" time="7.664">
    <system-out><![CDATA[
Scenario: UI Testing - Click Support Page # src/test/resources/features/weather.feature:8
  Given user opens weather website        # org.example.cucumber.stepdefinitions.LoginSteps.openWebsite()
SUCCESS : Support page opened successfully
  When user clicks "Support" link         # org.example.cucumber.stepdefinitions.LoginSteps.clickLink(java.lang.String)
  Then user should navigate successfully  # org.example.cucumber.stepdefinitions.LoginSteps.validateNavigation()
]]></system-out>
  </testcase>
  <testcase name="runScenario[&quot;API Testing - Validate Weather API&quot;, &quot;OpenWeather Testing&quot;](3)" classname="org.example.cucumber.runner.TestRunner" time="2.485">
    <system-out><![CDATA[
Scenario: API Testing - Validate Weather API # src/test/resources/features/weather.feature:13
Status Code: 200
{
    "coord": {
        "lon": 72.8479,
        "lat": 19.0144
    },
    "weather": [
        {
            "id": 721,
            "main": "Haze",
            "description": "haze",
            "icon": "50d"
        }
    ],
    "base": "stations",
    "main": {
        "temp": 31.99,
        "feels_like": 38.97,
        "temp_min": 30.94,
        "temp_max": 31.99,
        "pressure": 1008,
        "humidity": 66,
        "sea_level": 1008,
        "grnd_level": 1008
    },
    "visibility": 4000,
    "wind": {
        "speed": 4.12,
        "deg": 200,
        "gust": 10.29
    },
    "clouds": {
        "all": 40
    },
    "dt": 1777267467,
    "sys": {
        "type": 1,
        "id": 9052,
        "country": "IN",
        "sunrise": 1777250591,
        "sunset": 1777296548
    },
    "timezone": 19800,
    "id": 1275339,
    "name": "Mumbai",
    "cod": 200
}
API validated successfully
  Then validate weather API                  # org.example.cucumber.stepdefinitions.ApiSteps.validateWeatherAPI()
]]></system-out>
  </testcase>
</testsuite>