<?xml version="1.0" encoding="UTF-8"?>
<!-- Generated by org.testng.reporters.JUnitReportReporter -->
<testsuite hostname="Nilanjana" failures="0" tests="3" name="org.example.cucumber.runner.TestRunner" time="24.431" errors="0" timestamp="2026-04-27T11:01:57 IST" skipped="0">
  <testcase classname="org.example.cucumber.runner.TestRunner" name="runScenario" time="2.483"/>
  <testcase classname="org.example.cucumber.runner.TestRunner" name="runScenario" time="14.281"/>
  <testcase classname="org.example.cucumber.runner.TestRunner" name="runScenario" time="7.667"/>
</testsuite> <!-- org.example.cucumber.runner.TestRunner -->
